<?xml version="1.0" encoding="utf-8"?><testsuites><testsuite errors="0" failures="0" hostname="pop-os" name="pytest" skipped="0" tests="4" time="1.185" timestamp="2020-05-19T17:08:38.147637"><testcase classname="test_submit" file="test_submit.py" line="3" name="test_q1" time="0.017"></testcase><testcase classname="test_submit" file="test_submit.py" line="8" name="test_q2" time="0.020"></testcase><testcase classname="test_submit" file="test_submit.py" line="13" name="test_q3" time="0.031"></testcase><testcase classname="test_submit" file="test_submit.py" line="18" name="test_q4" time="0.156"></testcase></testsuite></testsuites>